<?xml version="1.0" encoding="UTF-8"?>
<testsuite xmlns:xsi="http://www.w3.org/2001/XMLSchema-instance" xsi:noNamespaceSchemaLocation="https://maven.apache.org/surefire/maven-surefire-plugin/xsd/surefire-test-report-3.0.xsd" version="3.0" name="runners.RunnerClass" time="62.492" tests="2" errors="0" skipped="0" failures="1">
  <properties>
[...]
</properties>
  <testcase name="Search for &apos;stainless work table&apos; items and verify that each item contains &quot;Table&quot;" classname="WebstaurantStore Search and Cart Functionality" time="39.288">
    <failure message="Some items do not contain the expected word:&#10;Failure on page 8: Item title &apos;Metro CR2430DSS Drive-Thru Order Prep Station with Stainless Steel Shelving - 31 3/4&quot; x 27 3/4&quot; x 65 3/4&quot;&apos; does not contain the word &apos;Table&apos;." type="java.lang.AssertionError"><![CDATA[java.lang.AssertionError: 
Some items do not contain the expected word:
Failure on page 8: Item title 'Metro CR2430DSS Drive-Thru Order Prep Station with Stainless Steel Shelving - 31 3/4" x 27 3/4" x 65 3/4"' does not contain the word 'Table'.
	at org.junit.Assert.fail(Assert.java:89)
	at steps.SearchAndCartManagement.they_should_see_only_items_with_in_the_title(SearchAndCartManagement.java:48)
	at ✽.they should see only items with "Table" in the title(file:///C:/Users/bozov/OneDrive/Desktop/test/studentTest/src/test/resources/features/search_and_cart_management.feature:5)
]]></failure>
    <system-out><![CDATA[
Scenario: Search for 'stainless work table' items and verify that each item contains "Table" &amp#27;[90m# src/test/resources/features/search_and_cart_management.feature:3&amp#27;[0m
  &amp#27;[32mWhen &amp#27;[0m&amp#27;[32mthe user searches for &amp#27;[0m&amp#27;[32m&amp#27;[1m"stainless work table"&amp#27;[0m                                          &amp#27;[90m# steps.SearchAndCartManagement.the_user_searches_for(java.lang.String)&amp#27;[0m
  &amp#27;[31mThen &amp#27;[0m&amp#27;[31mthey should see only items with &amp#27;[0m&amp#27;[31m&amp#27;[1m"Table"&amp#27;[0m&amp#27;[31m in the title&amp#27;[0m                                  &amp#27;[90m# steps.SearchAndCartManagement.they_should_see_only_items_with_in_the_title(java.lang.String)&amp#27;[0m
      &amp#27;[31mjava.lang.AssertionError: Some items do not contain the expected word:
Failure on page 8: Item title 'Metro CR2430DSS Drive-Thru Order Prep Station with Stainless Steel Shelving - 31 3/4" x 27 3/4" x 65 3/4"' does not contain the word 'Table'.
	at org.junit.Assert.fail(Assert.java:89)
	at steps.SearchAndCartManagement.they_should_see_only_items_with_in_the_title(SearchAndCartManagement.java:48)
	at âœ½.they should see only items with "Table" in the title(file:///C:/Users/bozov/OneDrive/Desktop/test/studentTest/src/test/resources/features/search_and_cart_management.feature:5)
&amp#27;[0m

    Embedding Search for 'stainless work table' items and verify that each item contains "Table" [image/png 373827 bytes]

]]></system-out>
    <system-err><![CDATA[SLF4J: Failed to load class "org.slf4j.impl.StaticLoggerBinder".
SLF4J: Defaulting to no-operation (NOP) logger implementation
SLF4J: See http://www.slf4j.org/codes.html#StaticLoggerBinder for further details.
Mar 18, 2024 6:25:32 PM org.openqa.selenium.devtools.CdpVersionFinder findNearestMatch
WARNING: Unable to find CDP implementation matching 122
Mar 18, 2024 6:25:32 PM org.openqa.selenium.chromium.ChromiumDriver lambda$new$5
WARNING: Unable to find version of CDP to use for 122.0.6261.129. You may need to include a dependency on a specific version of the CDP using something similar to `org.seleniumhq.selenium:selenium-devtools-v86:4.11.0` where the version ("v86") matches the version of the chromium-based browser you're using and the version number of the artifact is the same as Selenium's.
Mar 18, 2024 6:26:07 PM org.openqa.selenium.remote.http.WebSocket$Listener onError
WARNING: Connection reset
java.net.SocketException: Connection reset
	at java.base/sun.nio.ch.SocketChannelImpl.throwConnectionReset(SocketChannelImpl.java:394)
	at java.base/sun.nio.ch.SocketChannelImpl.read(SocketChannelImpl.java:426)
	at io.netty.buffer.PooledByteBuf.setBytes(PooledByteBuf.java:256)
	at io.netty.buffer.AbstractByteBuf.writeBytes(AbstractByteBuf.java:1132)
	at io.netty.channel.socket.nio.NioSocketChannel.doReadBytes(NioSocketChannel.java:357)
	at io.netty.channel.nio.AbstractNioByteChannel$NioByteUnsafe.read(AbstractNioByteChannel.java:151)
	at io.netty.channel.nio.NioEventLoop.processSelectedKey(NioEventLoop.java:788)
	at io.netty.channel.nio.NioEventLoop.processSelectedKeysOptimized(NioEventLoop.java:724)
	at io.netty.channel.nio.NioEventLoop.processSelectedKeys(NioEventLoop.java:650)
	at io.netty.channel.nio.NioEventLoop.run(NioEventLoop.java:562)
	at io.netty.util.concurrent.SingleThreadEventExecutor$4.run(SingleThreadEventExecutor.java:997)
	at io.netty.util.internal.ThreadExecutorMap$2.run(ThreadExecutorMap.java:74)
	at io.netty.util.concurrent.FastThreadLocalRunnable.run(FastThreadLocalRunnable.java:30)
	at java.base/java.lang.Thread.run(Thread.java:840)

]]></system-err>
  </testcase>
  <testcase name="Add last found item to the cart and empty the cart" classname="WebstaurantStore Search and Cart Functionality" time="18.635">
    <system-out><![CDATA[
Scenario: Add last found item to the cart and empty the cart &amp#27;[90m# src/test/resources/features/search_and_cart_management.feature:7&amp#27;[0m
  &amp#27;[32mWhen &amp#27;[0m&amp#27;[32mthe user searches for &amp#27;[0m&amp#27;[32m&amp#27;[1m"stainless work table"&amp#27;[0m          &amp#27;[90m# steps.SearchAndCartManagement.the_user_searches_for(java.lang.String)&amp#27;[0m
  &amp#27;[32mAnd &amp#27;[0m&amp#27;[32mthe user navigates to the last page&amp#27;[0m                    &amp#27;[90m# steps.SearchAndCartManagement.the_user_navigates_to_the_last_page()&amp#27;[0m
  &amp#27;[32mAnd &amp#27;[0m&amp#27;[32mthe user adds the last item found to the cart&amp#27;[0m          &amp#27;[90m# steps.SearchAndCartManagement.the_user_adds_the_last_item_found_to_the_cart()&amp#27;[0m
  &amp#27;[32mAnd &amp#27;[0m&amp#27;[32mthe user clicks on view cart button&amp#27;[0m                    &amp#27;[90m# steps.SearchAndCartManagement.the_user_clicks_on_view_cart_button()&amp#27;[0m
  &amp#27;[32mThen &amp#27;[0m&amp#27;[32mthe last item should be in the cart&amp#27;[0m                   &amp#27;[90m# steps.SearchAndCartManagement.the_last_item_should_be_in_the_cart()&amp#27;[0m
  &amp#27;[32mWhen &amp#27;[0m&amp#27;[32mthe user empties the cart&amp#27;[0m                             &amp#27;[90m# steps.SearchAndCartManagement.the_user_empties_the_cart()&amp#27;[0m
  &amp#27;[32mThen &amp#27;[0m&amp#27;[32mthe cart should be empty&amp#27;[0m                              &amp#27;[90m# steps.SearchAndCartManagement.the_cart_should_be_empty()&amp#27;[0m

    Embedding Add last found item to the cart and empty the cart [image/png 224801 bytes]

]]></system-out>
    <system-err><![CDATA[Mar 18, 2024 6:26:10 PM org.openqa.selenium.devtools.CdpVersionFinder findNearestMatch
WARNING: Unable to find CDP implementation matching 122
Mar 18, 2024 6:26:10 PM org.openqa.selenium.chromium.ChromiumDriver lambda$new$5
WARNING: Unable to find version of CDP to use for 122.0.6261.129. You may need to include a dependency on a specific version of the CDP using something similar to `org.seleniumhq.selenium:selenium-devtools-v86:4.11.0` where the version ("v86") matches the version of the chromium-based browser you're using and the version number of the artifact is the same as Selenium's.
]]></system-err>
  </testcase>
</testsuite>